This is pdfTeX, Version 3.141592653-2.6-1.40.22 (TeX Live 2021) (preloaded format=pdflatex 2021.10.19)  25 JAN 2022 10:07
entering extended mode
 restricted \write18 enabled.
 %&-line parsing enabled.
**ex3.tex
(./ex3.tex
LaTeX2e <2020-10-01> patch level 4
L3 programming layer <2021-02-18>

! LaTeX Error: Missing \begin{document}.

See the LaTeX manual or LaTeX Companion for explanation.
Type  H <return>  for immediate help.
 ...                                              
                                                  
l.1 \begin{itemize}
                   
You're in trouble here.  Try typing  <return>  to proceed.
If that doesn't work, type  X <return>  to quit.


Overfull \hbox (20.0pt too wide) in paragraph at lines 1--1
[] 
 []


! LaTeX Error: Environment proof undefined.

See the LaTeX manual or LaTeX Companion for explanation.
Type  H <return>  for immediate help.
 ...                                              
                                                  
l.3     \begin{proof}
                     
Your command was ignored.
Type  I <command> <return>  to replace it with another command,
or  <return>  to continue without it.

Missing character: There is no L in font nullfont!
Missing character: There is no e in font nullfont!
Missing character: There is no t in font nullfont!
LaTeX Font Info:    External font `cmex10' loaded for size
(Font)              <7> on input line 4.
LaTeX Font Info:    External font `cmex10' loaded for size
(Font)              <5> on input line 4.
Missing character: There is no w in font nullfont!
Missing character: There is no i in font nullfont!
Missing character: There is no t in font nullfont!
Missing character: There is no h in font nullfont!
! Undefined control sequence.
l.4         Let $k(x_1,x_2)= C$ with $C \in \R
                                              _{>0}$.  Then for $x \in \R^n$...
The control sequence at the end of the top line
of your error message was never \def'ed. If you have
misspelled it (e.g., `\hobx'), type `I' and the correct
spelling (e.g., `I\hbox'). Otherwise just continue,
and I'll forget about whatever was undefined.

Missing character: There is no . in font nullfont!
Missing character: There is no T in font nullfont!
Missing character: There is no h in font nullfont!
Missing character: There is no e in font nullfont!
Missing character: There is no n in font nullfont!
Missing character: There is no f in font nullfont!
Missing character: There is no o in font nullfont!
Missing character: There is no r in font nullfont!
! Undefined control sequence.
l.4 ...$ with $C \in \R_{>0}$.  Then for $x \in \R
                                                  ^n$ we have:
The control sequence at the end of the top line
of your error message was never \def'ed. If you have
misspelled it (e.g., `\hobx'), type `I' and the correct
spelling (e.g., `I\hbox'). Otherwise just continue,
and I'll forget about whatever was undefined.

Missing character: There is no w in font nullfont!
Missing character: There is no e in font nullfont!
Missing character: There is no h in font nullfont!
Missing character: There is no a in font nullfont!
Missing character: There is no v in font nullfont!
Missing character: There is no e in font nullfont!
Missing character: There is no : in font nullfont!

Overfull \hbox (48.70137pt too wide) in paragraph at lines 4--5
\OML/cmm/m/it/10 k\OT1/cmr/m/n/10 (\OML/cmm/m/it/10 x[]; x[]\OT1/cmr/m/n/10 ) =

 []


Overfull \hbox (7.86249pt too wide) in paragraph at lines 4--5
\OML/cmm/m/it/10 C$
 []


Overfull \hbox (28.04303pt too wide) in paragraph at lines 4--5
\OML/cmm/m/it/10 C \OMS/cmsy/m/n/10 2[]$
 []


Overfull \hbox (20.603pt too wide) in paragraph at lines 4--5
\OML/cmm/m/it/10 x \OMS/cmsy/m/n/10 2[]$
 []


Overfull \hbox (123.52196pt too wide) detected at line 7
\OML/cmm/m/it/10 x[]k[]x \OT1/cmr/m/n/10 = \OML/cmm/m/it/10 C\OT1/cmr/m/n/10 ([
] \OML/cmm/m/it/10 x[]\OT1/cmr/m/n/10 )([] \OML/cmm/m/it/10 x[]\OT1/cmr/m/n/10 
)
 []

Missing character: There is no W in font nullfont!
Missing character: There is no e in font nullfont!
Missing character: There is no w in font nullfont!
Missing character: There is no i in font nullfont!
Missing character: There is no l in font nullfont!
Missing character: There is no l in font nullfont!
Missing character: There is no s in font nullfont!
Missing character: There is no h in font nullfont!
Missing character: There is no o in font nullfont!
Missing character: There is no w in font nullfont!
Missing character: There is no t in font nullfont!
Missing character: There is no h in font nullfont!
Missing character: There is no a in font nullfont!
Missing character: There is no t in font nullfont!
Missing character: There is no t in font nullfont!
Missing character: There is no h in font nullfont!
Missing character: There is no i in font nullfont!
Missing character: There is no s in font nullfont!
Missing character: There is no s in font nullfont!
Missing character: There is no u in font nullfont!
Missing character: There is no m in font nullfont!
Missing character: There is no i in font nullfont!
Missing character: There is no s in font nullfont!
Missing character: There is no g in font nullfont!
Missing character: There is no r in font nullfont!
Missing character: There is no e in font nullfont!
Missing character: There is no a in font nullfont!
Missing character: There is no t in font nullfont!
Missing character: There is no e in font nullfont!
Missing character: There is no r in font nullfont!
Missing character: There is no o in font nullfont!
Missing character: There is no r in font nullfont!
Missing character: There is no e in font nullfont!
Missing character: There is no q in font nullfont!
Missing character: There is no u in font nullfont!
Missing character: There is no a in font nullfont!
Missing character: There is no l in font nullfont!
Missing character: There is no t in font nullfont!
Missing character: There is no o in font nullfont!
Missing character: There is no 0 in font nullfont!
Missing character: There is no . in font nullfont!
Missing character: There is no T in font nullfont!
Missing character: There is no o in font nullfont!
Missing character: There is no s in font nullfont!
Missing character: There is no h in font nullfont!
Missing character: There is no o in font nullfont!
Missing character: There is no w in font nullfont!
Missing character: There is no t in font nullfont!
Missing character: There is no h in font nullfont!
Missing character: There is no a in font nullfont!
Missing character: There is no t in font nullfont!
Missing character: There is no l in font nullfont!
Missing character: There is no e in font nullfont!
Missing character: There is no t in font nullfont!
Missing character: There is no I in font nullfont!
Missing character: There is no b in font nullfont!
Missing character: There is no e in font nullfont!
Missing character: There is no t in font nullfont!
Missing character: There is no h in font nullfont!
Missing character: There is no e in font nullfont!
Missing character: There is no s in font nullfont!
Missing character: There is no e in font nullfont!
Missing character: There is no t in font nullfont!
Missing character: There is no o in font nullfont!
Missing character: There is no f in font nullfont!
Missing character: There is no i in font nullfont!
Missing character: There is no n in font nullfont!
Missing character: There is no d in font nullfont!
Missing character: There is no i in font nullfont!
Missing character: There is no c in font nullfont!
Missing character: There is no e in font nullfont!
Missing character: There is no s in font nullfont!
Missing character: There is no f in font nullfont!
Missing character: There is no r in font nullfont!
Missing character: There is no o in font nullfont!
Missing character: There is no m in font nullfont!
Missing character: There is no 1 in font nullfont!
Missing character: There is no t in font nullfont!
Missing character: There is no o in font nullfont!
Missing character: There is no n in font nullfont!
Missing character: There is no . in font nullfont!
Missing character: There is no L in font nullfont!
Missing character: There is no e in font nullfont!
Missing character: There is no t in font nullfont!
Missing character: There is no f in font nullfont!
Missing character: There is no u in font nullfont!
Missing character: There is no r in font nullfont!
Missing character: There is no t in font nullfont!
Missing character: There is no h in font nullfont!
Missing character: There is no e in font nullfont!
Missing character: There is no r in font nullfont!
Missing character: There is no b in font nullfont!
Missing character: There is no e in font nullfont!
Missing character: There is no : in font nullfont!

Overfull \hbox (108.99261pt too wide) detected at line 11
\OML/cmm/m/it/10 P \OMS/cmsy/m/n/10 ^^R \OML/cmm/m/it/10 I \OT1/cmr/m/n/10 := \
OMS/cmsy/m/n/10 f\OML/cmm/m/it/10 i \OMS/cmsy/m/n/10 2 \OML/cmm/m/it/10 I \OT1/
cmr/m/n/10 : \OML/cmm/m/it/10 x[] \OMS/cmsy/m/n/10 ^^U \OT1/cmr/m/n/10 0\OMS/cm
sy/m/n/10 g
 []


Overfull \hbox (110.30855pt too wide) detected at line 14
\OML/cmm/m/it/10 N \OMS/cmsy/m/n/10 ^^R \OML/cmm/m/it/10 I \OT1/cmr/m/n/10 := \
OMS/cmsy/m/n/10 f\OML/cmm/m/it/10 i \OMS/cmsy/m/n/10 2 \OML/cmm/m/it/10 I \OT1/
cmr/m/n/10 : \OML/cmm/m/it/10 x[] < \OT1/cmr/m/n/10 0\OMS/cmsy/m/n/10 g
 []

Missing character: There is no T in font nullfont!
Missing character: There is no h in font nullfont!
Missing character: There is no e in font nullfont!
Missing character: There is no n in font nullfont!
Missing character: There is no w in font nullfont!
Missing character: There is no e in font nullfont!
Missing character: There is no c in font nullfont!
Missing character: There is no a in font nullfont!
Missing character: There is no n in font nullfont!
Missing character: There is no w in font nullfont!
Missing character: There is no r in font nullfont!
Missing character: There is no i in font nullfont!
Missing character: There is no t in font nullfont!
Missing character: There is no e in font nullfont!
Missing character: There is no : in font nullfont!

Overfull \hbox (233.95059pt too wide) detected at line 18
\OML/cmm/m/it/10 C\OT1/cmr/m/n/10 ([] \OML/cmm/m/it/10 x[]\OT1/cmr/m/n/10 )([] 
\OML/cmm/m/it/10 x[]\OT1/cmr/m/n/10 ) = \OML/cmm/m/it/10 C\OT1/cmr/m/n/10 ([] \
OML/cmm/m/it/10 x[] \OT1/cmr/m/n/10 + [] \OML/cmm/m/it/10 x[]\OT1/cmr/m/n/10 )(
[] \OML/cmm/m/it/10 x[] \OT1/cmr/m/n/10 + [] \OML/cmm/m/it/10 x[]\OT1/cmr/m/n/1
0 )
 []

Missing character: There is no W in font nullfont!
Missing character: There is no e in font nullfont!
Missing character: There is no c in font nullfont!
Missing character: There is no a in font nullfont!
Missing character: There is no n in font nullfont!
Missing character: There is no n in font nullfont!
Missing character: There is no o in font nullfont!
Missing character: There is no w in font nullfont!
Missing character: There is no d in font nullfont!
Missing character: There is no i in font nullfont!
Missing character: There is no s in font nullfont!
Missing character: There is no t in font nullfont!
Missing character: There is no i in font nullfont!
Missing character: There is no n in font nullfont!
Missing character: There is no g in font nullfont!
Missing character: There is no u in font nullfont!
Missing character: There is no i in font nullfont!
Missing character: There is no s in font nullfont!
Missing character: There is no h in font nullfont!
Missing character: There is no t in font nullfont!
Missing character: There is no w in font nullfont!
Missing character: There is no o in font nullfont!
Missing character: There is no c in font nullfont!
Missing character: There is no a in font nullfont!
Missing character: There is no s in font nullfont!
Missing character: There is no e in font nullfont!
Missing character: There is no s in font nullfont!
Missing character: There is no : in font nullfont!
Missing character: There is no T in font nullfont!
Missing character: There is no h in font nullfont!
Missing character: There is no e in font nullfont!
Missing character: There is no n in font nullfont!
Missing character: There is no w in font nullfont!
Missing character: There is no e in font nullfont!
Missing character: There is no h in font nullfont!
Missing character: There is no a in font nullfont!
Missing character: There is no v in font nullfont!
Missing character: There is no e in font nullfont!

Overfull \hbox (23.70262pt too wide) in paragraph at lines 21--23
[]\OT1/cmr/bx/n/10 Case
 []


Overfull \hbox (8.9444pt too wide) in paragraph at lines 21--23
\OT1/cmr/bx/n/10 1:
 []


Overfull \hbox (46.70818pt too wide) in paragraph at lines 21--23
[][] \OML/cmm/m/it/10 x[] \OMS/cmsy/m/n/10 ^^U
 []


Overfull \hbox (44.39381pt too wide) in paragraph at lines 21--23
[][] \OMS/cmsy/m/n/10 j\OML/cmm/m/it/10 x[]\OMS/cmsy/m/n/10 j$
 []


Overfull \hbox (173.2256pt too wide) detected at line 25
\OML/cmm/m/it/10 C\OT1/cmr/m/n/10 ([])([]) \OMS/cmsy/m/n/10 ^^U \OT1/cmr/m/n/10
 0
 []

Missing character: There is no T in font nullfont!
Missing character: There is no h in font nullfont!
Missing character: There is no e in font nullfont!
Missing character: There is no n in font nullfont!
Missing character: There is no w in font nullfont!
Missing character: There is no e in font nullfont!
Missing character: There is no h in font nullfont!
Missing character: There is no a in font nullfont!
Missing character: There is no v in font nullfont!
Missing character: There is no e in font nullfont!

Overfull \hbox (23.70262pt too wide) in paragraph at lines 25--28
\OT1/cmr/bx/n/10 Case
 []


Overfull \hbox (8.9444pt too wide) in paragraph at lines 25--28
\OT1/cmr/bx/n/10 2:
 []


Overfull \hbox (46.70818pt too wide) in paragraph at lines 25--28
[][] \OML/cmm/m/it/10 x[] <
 []


Overfull \hbox (44.39381pt too wide) in paragraph at lines 25--28
[][] \OMS/cmsy/m/n/10 j\OML/cmm/m/it/10 x[]\OMS/cmsy/m/n/10 j$
 []


Overfull \hbox (174.89223pt too wide) detected at line 30
\OML/cmm/m/it/10 C [] > \OT1/cmr/m/n/10 0
 []

Missing character: There is no S in font nullfont!
Missing character: There is no o in font nullfont!
Missing character: There is no w in font nullfont!
Missing character: There is no e in font nullfont!
Missing character: There is no h in font nullfont!
Missing character: There is no a in font nullfont!
Missing character: There is no v in font nullfont!
Missing character: There is no e in font nullfont!

Overfull \hbox (141.8552pt too wide) detected at line 34
\OML/cmm/m/it/10 x[]k[]x \OT1/cmr/m/n/10 = \OML/cmm/m/it/10 C\OT1/cmr/m/n/10 ([
] \OML/cmm/m/it/10 x[]\OT1/cmr/m/n/10 )([] \OML/cmm/m/it/10 x[]\OT1/cmr/m/n/10 
) \OMS/cmsy/m/n/10 ^^U \OT1/cmr/m/n/10 0
 []

Missing character: There is no A in font nullfont!
Missing character: There is no n in font nullfont!
Missing character: There is no d in font nullfont!
Missing character: There is no k in font nullfont!
Missing character: There is no i in font nullfont!
Missing character: There is no s in font nullfont!
Missing character: There is no t in font nullfont!
Missing character: There is no h in font nullfont!
Missing character: There is no u in font nullfont!
Missing character: There is no s in font nullfont!
Missing character: There is no p in font nullfont!
Missing character: There is no o in font nullfont!
Missing character: There is no s in font nullfont!
Missing character: There is no i in font nullfont!
Missing character: There is no t in font nullfont!
Missing character: There is no i in font nullfont!
Missing character: There is no v in font nullfont!
Missing character: There is no e in font nullfont!
Missing character: There is no s in font nullfont!
Missing character: There is no e in font nullfont!
Missing character: There is no m in font nullfont!
Missing character: There is no i in font nullfont!
Missing character: There is no d in font nullfont!
Missing character: There is no e in font nullfont!
Missing character: There is no f in font nullfont!
Missing character: There is no i in font nullfont!
Missing character: There is no n in font nullfont!
Missing character: There is no i in font nullfont!
Missing character: There is no t in font nullfont!
Missing character: There is no e in font nullfont!
Missing character: There is no . in font nullfont!

! LaTeX Error: \begin{itemize} on input line 1 ended by \end{proof}.

See the LaTeX manual or LaTeX Companion for explanation.
Type  H <return>  for immediate help.
 ...                                              
                                                  
l.36     \end{proof}
                    
Your command was ignored.
Type  I <command> <return>  to replace it with another command,
or  <return>  to continue without it.


! LaTeX Error: Environment proof undefined.

See the LaTeX manual or LaTeX Companion for explanation.
Type  H <return>  for immediate help.
 ...                                              
                                                  
l.39     		\begin{proof}
                        
Your command was ignored.
Type  I <command> <return>  to replace it with another command,
or  <return>  to continue without it.

Missing character: There is no L in font nullfont!
Missing character: There is no e in font nullfont!
Missing character: There is no t in font nullfont!
Missing character: There is no w in font nullfont!
Missing character: There is no i in font nullfont!
Missing character: There is no t in font nullfont!
Missing character: There is no h in font nullfont!
! Undefined control sequence.
l.40 ...t $k(x_1,x_2)= x_1 \cdot x_2$ with $X = \R
                                                  $.
The control sequence at the end of the top line
of your error message was never \def'ed. If you have
misspelled it (e.g., `\hobx'), type `I' and the correct
spelling (e.g., `I\hbox'). Otherwise just continue,
and I'll forget about whatever was undefined.

Missing character: There is no . in font nullfont!

Overfull \hbox (48.70137pt too wide) in paragraph at lines 40--41
\OML/cmm/m/it/10 k\OT1/cmr/m/n/10 (\OML/cmm/m/it/10 x[]; x[]\OT1/cmr/m/n/10 ) =

 []


Overfull \hbox (12.97919pt too wide) in paragraph at lines 40--41
\OML/cmm/m/it/10 x[] \OMS/cmsy/m/n/10 ^^A
 []


Overfull \hbox (10.2014pt too wide) in paragraph at lines 40--41
\OML/cmm/m/it/10 x[]$
 []


Overfull \hbox (19.62494pt too wide) in paragraph at lines 40--41
\OML/cmm/m/it/10 X \OT1/cmr/m/n/10 =$ 
 []

Missing character: There is no I in font nullfont!
Missing character: There is no t in font nullfont!
Missing character: There is no f in font nullfont!
Missing character: There is no o in font nullfont!
Missing character: There is no l in font nullfont!
Missing character: There is no l in font nullfont!
Missing character: There is no o in font nullfont!
Missing character: There is no w in font nullfont!
Missing character: There is no s in font nullfont!
Missing character: There is no : in font nullfont!

! LaTeX Error: Environment align* undefined.

See the LaTeX manual or LaTeX Companion for explanation.
Type  H <return>  for immediate help.
 ...                                              
                                                  
l.43     				\begin{align*}
                           
Your command was ignored.
Type  I <command> <return>  to replace it with another command,
or  <return>  to continue without it.

! Missing $ inserted.
<inserted text> 
                $
l.44     					\sum
                  _{i=1}^n\sum_{j=1}^n c_i \cdot c_j \cdot k(x_i, x_j)
I've inserted a begin-math/end-math symbol since I think
you left one out. Proceed, with fingers crossed.


! LaTeX Error: \begin{itemize} on input line 1 ended by \end{align*}.

See the LaTeX manual or LaTeX Companion for explanation.
Type  H <return>  for immediate help.
 ...                                              
                                                  
l.48     				\end{align*}
                         
Your command was ignored.
Type  I <command> <return>  to replace it with another command,
or  <return>  to continue without it.

! Missing $ inserted.
<inserted text> 
                $
l.48     				\end{align*}
                         
I've inserted something that you may have forgotten.
(See the <inserted text> above.)
With luck, this will get me unwedged. But if you
really didn't forget anything, try typing `2' now; then
my insertion and my current dilemma will both disappear.

Missing character: There is no T in font nullfont!
Missing character: There is no h in font nullfont!
Missing character: There is no u in font nullfont!
Missing character: There is no s in font nullfont!
Missing character: There is no k in font nullfont!
Missing character: There is no i in font nullfont!
Missing character: There is no s in font nullfont!
Missing character: There is no p in font nullfont!
Missing character: There is no o in font nullfont!
Missing character: There is no s in font nullfont!
Missing character: There is no i in font nullfont!
Missing character: There is no t in font nullfont!
Missing character: There is no i in font nullfont!
Missing character: There is no v in font nullfont!
Missing character: There is no e in font nullfont!
Missing character: There is no s in font nullfont!
Missing character: There is no e in font nullfont!
Missing character: There is no m in font nullfont!
Missing character: There is no i in font nullfont!
Missing character: There is no d in font nullfont!
Missing character: There is no e in font nullfont!
Missing character: There is no f in font nullfont!
Missing character: There is no i in font nullfont!
Missing character: There is no n in font nullfont!
Missing character: There is no i in font nullfont!
Missing character: There is no t in font nullfont!
Missing character: There is no e in font nullfont!
Missing character: There is no . in font nullfont!

! LaTeX Error: \begin{itemize} on input line 1 ended by \end{proof}.

See the LaTeX manual or LaTeX Companion for explanation.
Type  H <return>  for immediate help.
 ...                                              
                                                  
l.50      	\end{proof}
                      
Your command was ignored.
Type  I <command> <return>  to replace it with another command,
or  <return>  to continue without it.


Overfull \hbox (62.672pt too wide) in paragraph at lines 42--51
[][] [][] \OML/cmm/m/it/10 c[] \OMS/cmsy/m/n/10 ^^A
 []


Overfull \hbox (11.31891pt too wide) in paragraph at lines 42--51
\OML/cmm/m/it/10 c[] \OMS/cmsy/m/n/10 ^^A
 []


Overfull \hbox (47.27196pt too wide) in paragraph at lines 42--51
\OML/cmm/m/it/10 k\OT1/cmr/m/n/10 (\OML/cmm/m/it/10 x[]; x[]\OT1/cmr/m/n/10 ) =

 []


Overfull \hbox (62.672pt too wide) in paragraph at lines 42--51
[][] [][] \OML/cmm/m/it/10 c[] \OMS/cmsy/m/n/10 ^^A
 []


Overfull \hbox (11.31891pt too wide) in paragraph at lines 42--51
\OML/cmm/m/it/10 c[] \OMS/cmsy/m/n/10 ^^A
 []


Overfull \hbox (11.82234pt too wide) in paragraph at lines 42--51
\OML/cmm/m/it/10 x[] \OMS/cmsy/m/n/10 ^^A
 []


Overfull \hbox (20.48434pt too wide) in paragraph at lines 42--51
\OML/cmm/m/it/10 x[] \OT1/cmr/m/n/10 =
 []


Overfull \hbox (36.11118pt too wide) in paragraph at lines 42--51
[][] \OML/cmm/m/it/10 c[] \OMS/cmsy/m/n/10 ^^A
 []


Overfull \hbox (46.82236pt too wide) in paragraph at lines 42--51
\OML/cmm/m/it/10 x[] [][] c[] \OMS/cmsy/m/n/10 ^^A
 []


Overfull \hbox (19.60007pt too wide) in paragraph at lines 42--51
\OML/cmm/m/it/10 x[] \OT1/cmr/m/n/10 =
 []


Overfull \hbox (40.00008pt too wide) in paragraph at lines 42--51
\OT1/cmr/m/n/10 ([][] \OML/cmm/m/it/10 c[] \OMS/cmsy/m/n/10 ^^A
 []


Overfull \hbox (27.9751pt too wide) in paragraph at lines 42--51
\OML/cmm/m/it/10 x[]\OT1/cmr/m/n/10 )[] \OMS/cmsy/m/n/10 ^^U
 []


Overfull \hbox (5.00002pt too wide) in paragraph at lines 42--51
\OT1/cmr/m/n/10 0$
 []


! LaTeX Error: Environment proof undefined.

See the LaTeX manual or LaTeX Companion for explanation.
Type  H <return>  for immediate help.
 ...                                              
                                                  
l.53     		\begin{proof}
                        
Your command was ignored.
Type  I <command> <return>  to replace it with another command,
or  <return>  to continue without it.

Missing character: There is no L in font nullfont!
Missing character: There is no e in font nullfont!
Missing character: There is no t in font nullfont!
Missing character: There is no w in font nullfont!
Missing character: There is no i in font nullfont!
Missing character: There is no t in font nullfont!
Missing character: There is no h in font nullfont!
! Undefined control sequence.
l.54 ...		Let $k(x_1,x_2)= x_1 + x_2$ with $X = \R
                                                  $.
The control sequence at the end of the top line
of your error message was never \def'ed. If you have
misspelled it (e.g., `\hobx'), type `I' and the correct
spelling (e.g., `I\hbox'). Otherwise just continue,
and I'll forget about whatever was undefined.

Missing character: There is no . in font nullfont!
Missing character: There is no W in font nullfont!
Missing character: There is no e in font nullfont!
Missing character: There is no h in font nullfont!
Missing character: There is no a in font nullfont!
Missing character: There is no v in font nullfont!
Missing character: There is no e in font nullfont!
Missing character: There is no x in font nullfont!
! Undefined control sequence.
l.55     			We have x $\in \R
                             $.  So with x=-1 it is:
The control sequence at the end of the top line
of your error message was never \def'ed. If you have
misspelled it (e.g., `\hobx'), type `I' and the correct
spelling (e.g., `I\hbox'). Otherwise just continue,
and I'll forget about whatever was undefined.

Missing character: There is no . in font nullfont!
Missing character: There is no S in font nullfont!
Missing character: There is no o in font nullfont!
Missing character: There is no w in font nullfont!
Missing character: There is no i in font nullfont!
Missing character: There is no t in font nullfont!
Missing character: There is no h in font nullfont!
Missing character: There is no x in font nullfont!
Missing character: There is no = in font nullfont!
Missing character: There is no - in font nullfont!
Missing character: There is no 1 in font nullfont!
Missing character: There is no i in font nullfont!
Missing character: There is no t in font nullfont!
Missing character: There is no i in font nullfont!
Missing character: There is no s in font nullfont!
Missing character: There is no : in font nullfont!

Overfull \hbox (48.70137pt too wide) in paragraph at lines 54--56
\OML/cmm/m/it/10 k\OT1/cmr/m/n/10 (\OML/cmm/m/it/10 x[]; x[]\OT1/cmr/m/n/10 ) =

 []


Overfull \hbox (17.9792pt too wide) in paragraph at lines 54--56
\OML/cmm/m/it/10 x[] \OT1/cmr/m/n/10 +
 []


Overfull \hbox (10.2014pt too wide) in paragraph at lines 54--56
\OML/cmm/m/it/10 x[]$
 []


Overfull \hbox (19.62494pt too wide) in paragraph at lines 54--56
\OML/cmm/m/it/10 X \OT1/cmr/m/n/10 =$
 []


Overfull \hbox (6.66669pt too wide) in paragraph at lines 54--56
\OMS/cmsy/m/n/10 2$
 []


Overfull \hbox (214.96542pt too wide) detected at line 56
\OT1/cmr/m/n/10 (\OMS/cmsy/m/n/10 ^^@\OT1/cmr/m/n/10 1) \OMS/cmsy/m/n/10 ^^A \O
ML/cmm/m/it/10 k\OT1/cmr/m/n/10 (\OMS/cmsy/m/n/10 ^^@\OT1/cmr/m/n/10 1\OML/cmm/
m/it/10 ; \OMS/cmsy/m/n/10 ^^@\OT1/cmr/m/n/10 1) \OMS/cmsy/m/n/10 ^^A \OT1/cmr/
m/n/10 (\OMS/cmsy/m/n/10 ^^@\OT1/cmr/m/n/10 1) = (\OMS/cmsy/m/n/10 ^^@\OT1/cmr/
m/n/10 1) \OMS/cmsy/m/n/10 ^^A \OT1/cmr/m/n/10 (\OMS/cmsy/m/n/10 ^^@\OT1/cmr/m/
n/10 2) \OMS/cmsy/m/n/10 ^^A \OT1/cmr/m/n/10 (\OMS/cmsy/m/n/10 ^^@\OT1/cmr/m/n/
10 1) = \OMS/cmsy/m/n/10 ^^@\OT1/cmr/m/n/10 2 \OML/cmm/m/it/10 < \OT1/cmr/m/n/1
0 0
 []

Missing character: There is no T in font nullfont!
Missing character: There is no h in font nullfont!
Missing character: There is no e in font nullfont!
Missing character: There is no r in font nullfont!
Missing character: There is no e in font nullfont!
Missing character: There is no f in font nullfont!
Missing character: There is no o in font nullfont!
Missing character: There is no r in font nullfont!
Missing character: There is no e in font nullfont!
Missing character: There is no i in font nullfont!
Missing character: There is no s in font nullfont!
Missing character: There is no n in font nullfont!
Missing character: There is no o in font nullfont!
Missing character: There is no t in font nullfont!
Missing character: There is no p in font nullfont!
Missing character: There is no o in font nullfont!
Missing character: There is no s in font nullfont!
Missing character: There is no i in font nullfont!
Missing character: There is no t in font nullfont!
Missing character: There is no i in font nullfont!
Missing character: There is no v in font nullfont!
Missing character: There is no e in font nullfont!
Missing character: There is no s in font nullfont!
Missing character: There is no e in font nullfont!
Missing character: There is no m in font nullfont!
Missing character: There is no i in font nullfont!
Missing character: There is no d in font nullfont!
Missing character: There is no e in font nullfont!
Missing character: There is no f in font nullfont!
Missing character: There is no i in font nullfont!
Missing character: There is no n in font nullfont!
Missing character: There is no i in font nullfont!
Missing character: There is no t in font nullfont!
Missing character: There is no e in font nullfont!
Missing character: There is no a in font nullfont!
Missing character: There is no n in font nullfont!
Missing character: There is no d in font nullfont!
Missing character: There is no t in font nullfont!
Missing character: There is no h in font nullfont!
Missing character: There is no u in font nullfont!
Missing character: There is no s in font nullfont!
Missing character: There is no i in font nullfont!
Missing character: There is no s in font nullfont!
Missing character: There is no n in font nullfont!
Missing character: There is no o in font nullfont!
Missing character: There is no t in font nullfont!
Missing character: There is no a in font nullfont!
Missing character: There is no k in font nullfont!
Missing character: There is no e in font nullfont!
Missing character: There is no r in font nullfont!
Missing character: There is no n in font nullfont!
Missing character: There is no e in font nullfont!
Missing character: There is no l in font nullfont!
Missing character: There is no . in font nullfont!

! LaTeX Error: \begin{itemize} on input line 1 ended by \end{proof}.

See the LaTeX manual or LaTeX Companion for explanation.
Type  H <return>  for immediate help.
 ...                                              
                                                  
l.58     		\end{proof}
                      
Your command was ignored.
Type  I <command> <return>  to replace it with another command,
or  <return>  to continue without it.


Overfull \hbox (48.70137pt too wide) in paragraph at lines 56--59
 $\OML/cmm/m/it/10 k\OT1/cmr/m/n/10 (\OML/cmm/m/it/10 x[]; x[]\OT1/cmr/m/n/10 )
 =
 []


Overfull \hbox (17.9792pt too wide) in paragraph at lines 56--59
\OML/cmm/m/it/10 x[] \OT1/cmr/m/n/10 +
 []


Overfull \hbox (10.2014pt too wide) in paragraph at lines 56--59
\OML/cmm/m/it/10 x[]$
 []


! LaTeX Error: Environment proof undefined.

See the LaTeX manual or LaTeX Companion for explanation.
Type  H <return>  for immediate help.
 ...                                              
                                                  
l.61     		\begin{proof}
                        
Your command was ignored.
Type  I <command> <return>  to replace it with another command,
or  <return>  to continue without it.

Missing character: There is no L in font nullfont!
Missing character: There is no e in font nullfont!
Missing character: There is no t in font nullfont!
Missing character: There is no w in font nullfont!
Missing character: There is no i in font nullfont!
Missing character: There is no t in font nullfont!
Missing character: There is no h in font nullfont!
! Undefined control sequence.
l.62 ..._2)= 5 \cdot x_1^T \cdot x_2$ with $X = \R
                                                  ^D$.
The control sequence at the end of the top line
of your error message was never \def'ed. If you have
misspelled it (e.g., `\hobx'), type `I' and the correct
spelling (e.g., `I\hbox'). Otherwise just continue,
and I'll forget about whatever was undefined.

Missing character: There is no . in font nullfont!

Overfull \hbox (48.70137pt too wide) in paragraph at lines 62--63
\OML/cmm/m/it/10 k\OT1/cmr/m/n/10 (\OML/cmm/m/it/10 x[]; x[]\OT1/cmr/m/n/10 ) =

 []


Overfull \hbox (7.7778pt too wide) in paragraph at lines 62--63
\OT1/cmr/m/n/10 5 \OMS/cmsy/m/n/10 ^^A
 []


Overfull \hbox (14.79271pt too wide) in paragraph at lines 62--63
\OML/cmm/m/it/10 x[] \OMS/cmsy/m/n/10 ^^A
 []


Overfull \hbox (10.2014pt too wide) in paragraph at lines 62--63
\OML/cmm/m/it/10 x[]$
 []


Overfull \hbox (26.87871pt too wide) in paragraph at lines 62--63
\OML/cmm/m/it/10 X \OT1/cmr/m/n/10 =[]$ 
 []

Missing character: There is no I in font nullfont!
Missing character: There is no t in font nullfont!
Missing character: There is no f in font nullfont!
Missing character: There is no o in font nullfont!
Missing character: There is no l in font nullfont!
Missing character: There is no l in font nullfont!
Missing character: There is no o in font nullfont!
Missing character: There is no w in font nullfont!
Missing character: There is no s in font nullfont!
Missing character: There is no : in font nullfont!

! LaTeX Error: Environment align* undefined.

See the LaTeX manual or LaTeX Companion for explanation.
Type  H <return>  for immediate help.
 ...                                              
                                                  
l.65     				\begin{align*}
                           
Your command was ignored.
Type  I <command> <return>  to replace it with another command,
or  <return>  to continue without it.

! Missing $ inserted.
<inserted text> 
                $
l.66     					\sum
                  _{i=1}^n\sum_{j=1}^n c_i \cdot c_j \cdot k(x_i, x_j)
I've inserted a begin-math/end-math symbol since I think
you left one out. Proceed, with fingers crossed.


! LaTeX Error: \begin{itemize} on input line 1 ended by \end{align*}.

See the LaTeX manual or LaTeX Companion for explanation.
Type  H <return>  for immediate help.
 ...                                              
                                                  
l.70     				\end{align*}
                         
Your command was ignored.
Type  I <command> <return>  to replace it with another command,
or  <return>  to continue without it.

! Missing $ inserted.
<inserted text> 
                $
l.70     				\end{align*}
                         
I've inserted something that you may have forgotten.
(See the <inserted text> above.)
With luck, this will get me unwedged. But if you
really didn't forget anything, try typing `2' now; then
my insertion and my current dilemma will both disappear.

Missing character: There is no T in font nullfont!
Missing character: There is no h in font nullfont!
Missing character: There is no u in font nullfont!
Missing character: There is no s in font nullfont!
Missing character: There is no k in font nullfont!
Missing character: There is no i in font nullfont!
Missing character: There is no s in font nullfont!
Missing character: There is no p in font nullfont!
Missing character: There is no o in font nullfont!
Missing character: There is no s in font nullfont!
Missing character: There is no i in font nullfont!
Missing character: There is no t in font nullfont!
Missing character: There is no i in font nullfont!
Missing character: There is no v in font nullfont!
Missing character: There is no e in font nullfont!
Missing character: There is no s in font nullfont!
Missing character: There is no e in font nullfont!
Missing character: There is no m in font nullfont!
Missing character: There is no i in font nullfont!
Missing character: There is no d in font nullfont!
Missing character: There is no e in font nullfont!
Missing character: There is no f in font nullfont!
Missing character: There is no i in font nullfont!
Missing character: There is no n in font nullfont!
Missing character: There is no i in font nullfont!
Missing character: There is no t in font nullfont!
Missing character: There is no e in font nullfont!
Missing character: There is no . in font nullfont!

! LaTeX Error: \begin{itemize} on input line 1 ended by \end{proof}.

See the LaTeX manual or LaTeX Companion for explanation.
Type  H <return>  for immediate help.
 ...                                              
                                                  
l.72     		\end{proof}
                      
Your command was ignored.
Type  I <command> <return>  to replace it with another command,
or  <return>  to continue without it.


Overfull \hbox (62.672pt too wide) in paragraph at lines 64--73
[][] [][] \OML/cmm/m/it/10 c[] \OMS/cmsy/m/n/10 ^^A
 []


Overfull \hbox (11.31891pt too wide) in paragraph at lines 64--73
\OML/cmm/m/it/10 c[] \OMS/cmsy/m/n/10 ^^A
 []


Overfull \hbox (47.27196pt too wide) in paragraph at lines 64--73
\OML/cmm/m/it/10 k\OT1/cmr/m/n/10 (\OML/cmm/m/it/10 x[]; x[]\OT1/cmr/m/n/10 ) =

 []


Overfull \hbox (69.33864pt too wide) in paragraph at lines 64--73
\OT1/cmr/m/n/10 5 [][] [][] \OML/cmm/m/it/10 c[] \OMS/cmsy/m/n/10 ^^A
 []


Overfull \hbox (11.31891pt too wide) in paragraph at lines 64--73
\OML/cmm/m/it/10 c[] \OMS/cmsy/m/n/10 ^^A
 []


Overfull \hbox (14.79271pt too wide) in paragraph at lines 64--73
\OML/cmm/m/it/10 x[] \OMS/cmsy/m/n/10 ^^A
 []


Overfull \hbox (9.92883pt too wide) in paragraph at lines 64--73
\OML/cmm/m/it/10 x[][] 
 []


Overfull \hbox (7.7778pt too wide) in paragraph at lines 64--73
\OT1/cmr/m/n/10 =
 []


Overfull \hbox (7.7778pt too wide) in paragraph at lines 64--73
\OT1/cmr/m/n/10 5 \OMS/cmsy/m/n/10 ^^A
 []


Overfull \hbox (40.00008pt too wide) in paragraph at lines 64--73
\OT1/cmr/m/n/10 ([][] \OML/cmm/m/it/10 c[] \OMS/cmsy/m/n/10 ^^A
 []


Overfull \hbox (22.0109pt too wide) in paragraph at lines 64--73
\OML/cmm/m/it/10 x[]\OT1/cmr/m/n/10 )[] \OMS/cmsy/m/n/10 ^^A
 []


Overfull \hbox (40.00008pt too wide) in paragraph at lines 64--73
\OT1/cmr/m/n/10 ([][] \OML/cmm/m/it/10 c[] \OMS/cmsy/m/n/10 ^^A
 []


Overfull \hbox (12.93346pt too wide) in paragraph at lines 64--73
\OML/cmm/m/it/10 x[]\OT1/cmr/m/n/10 )[] 
 []


Overfull \hbox (7.7778pt too wide) in paragraph at lines 64--73
\OT1/cmr/m/n/10 =
 []


Overfull \hbox (47.77783pt too wide) in paragraph at lines 64--73
\OT1/cmr/m/n/10 5\OMS/cmsy/m/n/10 k [][] \OML/cmm/m/it/10 c[] \OMS/cmsy/m/n/10 
^^A
 []


Overfull \hbox (29.08621pt too wide) in paragraph at lines 64--73
\OML/cmm/m/it/10 x[]\OMS/cmsy/m/n/10 k[] ^^U
 []


Overfull \hbox (5.00002pt too wide) in paragraph at lines 64--73
\OT1/cmr/m/n/10 0$
 []

)
! Emergency stop.
<*> ex3.tex
           
*** (job aborted, no legal \end found)

 
Here is how much of TeX's memory you used:
 25 strings out of 478994
 453 string characters out of 5858183
 291044 words of memory out of 5000000
 17610 multiletter control sequences out of 15000+600000
 403738 words of font info for 28 fonts, out of 8000000 for 9000
 1141 hyphenation exceptions out of 8191
 18i,15n,15p,160b,121s stack positions out of 5000i,500n,10000p,200000b,80000s
!  ==> Fatal error occurred, no output PDF file produced!
